<?xml version="1.0" encoding="UTF-8"?>
<!-- Generated by org.testng.reporters.JUnitReportReporter -->
<testsuite hostname="Piyush" failures="0" tests="3" name="cucumberOptions.TestNGRunner" time="63.187" errors="0" timestamp="2025-03-09T10:23:32 IST" skipped="0">
  <testcase classname="cucumberOptions.TestNGRunner" name="runScenario" time="14.983"/>
  <system-out/>
  <testcase classname="cucumberOptions.TestNGRunner" name="runScenario" time="24.072"/>
  <system-out/>
  <testcase classname="cucumberOptions.TestNGRunner" name="runScenario" time="24.132"/>
  <system-out/>
</testsuite> <!-- cucumberOptions.TestNGRunner -->
